<?xml version="1.0" encoding="UTF-8"?>
<testng-results ignored="0" total="7" passed="7" failed="0" skipped="0">
  <reporter-output>
  </reporter-output>
  <suite started-at="2019-12-05T07:29:17Z" name="Default suite" finished-at="2019-12-05T07:29:37Z" duration-ms="19439">
    <groups>
    </groups>
    <test started-at="2019-12-05T07:29:17Z" name="Default test" finished-at="2019-12-05T07:29:37Z" duration-ms="19439">
      <class name="by.onliner.goodsorder.BasketTest">
        <test-method is-config="true" signature="beforeTest()[pri:0, instance:by.onliner.goodsorder.BasketTest@475e586c]" started-at="2019-12-05T07:29:17Z" name="beforeTest" finished-at="2019-12-05T07:29:17Z" duration-ms="9" status="PASS">
          <reporter-output>
          </reporter-output>
        </test-method> <!-- beforeTest -->
        <test-method is-config="true" signature="beforeClass()[pri:0, instance:by.onliner.goodsorder.BasketTest@475e586c]" started-at="2019-12-05T07:29:17Z" name="beforeClass" finished-at="2019-12-05T07:29:29Z" duration-ms="11782" status="PASS">
          <reporter-output>
          </reporter-output>
        </test-method> <!-- beforeClass -->
        <test-method signature="test1()[pri:0, instance:by.onliner.goodsorder.BasketTest@475e586c]" started-at="2019-12-05T07:29:29Z" name="test1" finished-at="2019-12-05T07:29:35Z" duration-ms="6074" status="PASS">
          <reporter-output>
          </reporter-output>
        </test-method> <!-- test1 -->
        <test-method signature="test2(java.lang.String)[pri:1, instance:by.onliner.goodsorder.BasketTest@475e586c]" started-at="2019-12-05T07:29:35Z" name="test2" data-provider="quantityBox" finished-at="2019-12-05T07:29:35Z" duration-ms="238" status="PASS">
          <params>
            <param index="0">
              <value>
                <![CDATA[2]]>
              </value>
            </param>
          </params>
          <reporter-output>
          </reporter-output>
        </test-method> <!-- test2 -->
        <test-method signature="test2(java.lang.String)[pri:1, instance:by.onliner.goodsorder.BasketTest@475e586c]" started-at="2019-12-05T07:29:35Z" name="test2" data-provider="quantityBox" finished-at="2019-12-05T07:29:36Z" duration-ms="210" status="PASS">
          <params>
            <param index="0">
              <value>
                <![CDATA[99]]>
              </value>
            </param>
          </params>
          <reporter-output>
          </reporter-output>
        </test-method> <!-- test2 -->
        <test-method signature="test3()[pri:3, instance:by.onliner.goodsorder.BasketTest@475e586c]" started-at="2019-12-05T07:29:36Z" name="test3" finished-at="2019-12-05T07:29:36Z" duration-ms="827" status="PASS">
          <reporter-output>
          </reporter-output>
        </test-method> <!-- test3 -->
        <test-method signature="test4()[pri:4, instance:by.onliner.goodsorder.BasketTest@475e586c]" started-at="2019-12-05T07:29:36Z" name="test4" finished-at="2019-12-05T07:29:37Z" duration-ms="190" status="PASS">
          <reporter-output>
          </reporter-output>
        </test-method> <!-- test4 -->
        <test-method signature="test5()[pri:5, instance:by.onliner.goodsorder.BasketTest@475e586c]" started-at="2019-12-05T07:29:37Z" name="test5" finished-at="2019-12-05T07:29:37Z" duration-ms="71" status="PASS">
          <reporter-output>
          </reporter-output>
        </test-method> <!-- test5 -->
        <test-method signature="test6()[pri:6, instance:by.onliner.goodsorder.BasketTest@475e586c]" started-at="2019-12-05T07:29:37Z" name="test6" finished-at="2019-12-05T07:29:37Z" duration-ms="1" status="PASS">
          <reporter-output>
          </reporter-output>
        </test-method> <!-- test6 -->
        <test-method is-config="true" signature="afterClass()[pri:0, instance:by.onliner.goodsorder.BasketTest@475e586c]" started-at="2019-12-05T07:29:37Z" name="afterClass" finished-at="2019-12-05T07:29:37Z" duration-ms="1" status="PASS">
          <reporter-output>
          </reporter-output>
        </test-method> <!-- afterClass -->
        <test-method is-config="true" signature="afterTest()[pri:0, instance:by.onliner.goodsorder.BasketTest@475e586c]" started-at="2019-12-05T07:29:37Z" name="afterTest" finished-at="2019-12-05T07:29:37Z" duration-ms="0" status="PASS">
          <reporter-output>
          </reporter-output>
        </test-method> <!-- afterTest -->
      </class> <!-- by.onliner.goodsorder.BasketTest -->
    </test> <!-- Default test -->
  </suite> <!-- Default suite -->
</testng-results>
