<?xml version="1.0" encoding="UTF-8"?>
<testng-results ignored="0" total="6" passed="6" failed="0" skipped="0">
  <reporter-output>
  </reporter-output>
  <suite started-at="2019-12-05T11:52:38Z" name="Default suite" finished-at="2019-12-05T11:52:59Z" duration-ms="21368">
    <groups>
    </groups>
    <test started-at="2019-12-05T11:52:38Z" name="Default test" finished-at="2019-12-05T11:52:59Z" duration-ms="21368">
      <class name="by.onliner.goodsorder.BasketTest">
        <test-method is-config="true" signature="beforeTest()[pri:0, instance:by.onliner.goodsorder.BasketTest@6295d394]" started-at="2019-12-05T11:52:38Z" name="beforeTest" finished-at="2019-12-05T11:52:38Z" duration-ms="15" status="PASS">
          <reporter-output>
          </reporter-output>
        </test-method> <!-- beforeTest -->
        <test-method is-config="true" signature="beforeClass()[pri:0, instance:by.onliner.goodsorder.BasketTest@6295d394]" started-at="2019-12-05T11:52:38Z" name="beforeClass" finished-at="2019-12-05T11:52:51Z" duration-ms="12871" status="PASS">
          <reporter-output>
          </reporter-output>
        </test-method> <!-- beforeClass -->
        <test-method signature="test1()[pri:0, instance:by.onliner.goodsorder.BasketTest@6295d394]" started-at="2019-12-05T11:52:51Z" name="test1" finished-at="2019-12-05T11:52:57Z" duration-ms="6600" status="PASS">
          <reporter-output>
          </reporter-output>
        </test-method> <!-- test1 -->
        <test-method signature="test2(java.lang.String)[pri:1, instance:by.onliner.goodsorder.BasketTest@6295d394]" started-at="2019-12-05T11:52:57Z" name="test2" data-provider="quantityBox" finished-at="2019-12-05T11:52:58Z" duration-ms="251" status="PASS">
          <params>
            <param index="0">
              <value>
                <![CDATA[2]]>
              </value>
            </param>
          </params>
          <reporter-output>
          </reporter-output>
        </test-method> <!-- test2 -->
        <test-method signature="test2(java.lang.String)[pri:1, instance:by.onliner.goodsorder.BasketTest@6295d394]" started-at="2019-12-05T11:52:58Z" name="test2" data-provider="quantityBox" finished-at="2019-12-05T11:52:58Z" duration-ms="202" status="PASS">
          <params>
            <param index="0">
              <value>
                <![CDATA[99]]>
              </value>
            </param>
          </params>
          <reporter-output>
          </reporter-output>
        </test-method> <!-- test2 -->
        <test-method signature="test3()[pri:3, instance:by.onliner.goodsorder.BasketTest@6295d394]" started-at="2019-12-05T11:52:58Z" name="test3" finished-at="2019-12-05T11:52:58Z" duration-ms="369" status="PASS">
          <reporter-output>
          </reporter-output>
        </test-method> <!-- test3 -->
        <test-method signature="test4()[pri:4, instance:by.onliner.goodsorder.BasketTest@6295d394]" started-at="2019-12-05T11:52:58Z" name="test4" finished-at="2019-12-05T11:52:59Z" duration-ms="349" status="PASS">
          <reporter-output>
          </reporter-output>
        </test-method> <!-- test4 -->
        <test-method signature="test5()[pri:5, instance:by.onliner.goodsorder.BasketTest@6295d394]" started-at="2019-12-05T11:52:59Z" name="test5" finished-at="2019-12-05T11:52:59Z" duration-ms="664" status="PASS">
          <reporter-output>
          </reporter-output>
        </test-method> <!-- test5 -->
        <test-method is-config="true" signature="afterClass()[pri:0, instance:by.onliner.goodsorder.BasketTest@6295d394]" started-at="2019-12-05T11:52:59Z" name="afterClass" finished-at="2019-12-05T11:52:59Z" duration-ms="0" status="PASS">
          <reporter-output>
          </reporter-output>
        </test-method> <!-- afterClass -->
        <test-method is-config="true" signature="afterTest()[pri:0, instance:by.onliner.goodsorder.BasketTest@6295d394]" started-at="2019-12-05T11:52:59Z" name="afterTest" finished-at="2019-12-05T11:52:59Z" duration-ms="1" status="PASS">
          <reporter-output>
          </reporter-output>
        </test-method> <!-- afterTest -->
      </class> <!-- by.onliner.goodsorder.BasketTest -->
    </test> <!-- Default test -->
  </suite> <!-- Default suite -->
</testng-results>
