<?xml version="1.0" encoding="UTF-8"?>
<!-- Generated by org.testng.reporters.JUnitXMLReporter -->
<testsuite ignored="0" hostname="WSB-009-72" failures="0" tests="4" name="Default test" time="18.885" errors="0" timestamp="04 Dec 2019 09:48:57 GMT">
  <testcase classname="by.onliner.goodsorder.BasketTest" name="test1" time="6.141"/>
  <testcase classname="by.onliner.goodsorder.BasketTest" name="test2" time="0.278"/>
  <testcase classname="by.onliner.goodsorder.BasketTest" name="test2" time="0.235"/>
  <testcase classname="by.onliner.goodsorder.BasketTest" name="test3" time="0.002"/>
</testsuite> <!-- Default test -->
